<?xml version="1.0" encoding="UTF-8"?>
<testsuite name="org.example.ValidationTest" tests="5" skipped="0" failures="0" errors="0" timestamp="2021-04-15T21:57:51" hostname="OWNER" time="0.014">
  <properties/>
  <testcase name="testIsValidContactNumberForValid()" classname="org.example.ValidationTest" time="0.009"/>
  <testcase name="testIsValidContactNumberForNegative()" classname="org.example.ValidationTest" time="0.001"/>
  <testcase name="testIsPrimeNumberValid()" classname="org.example.ValidationTest" time="0.001"/>
  <testcase name="testIsPrimeNumberInValid()" classname="org.example.ValidationTest" time="0.001"/>
  <testcase name="testIsValidContactNumberForNull()" classname="org.example.ValidationTest" time="0.001"/>
  <system-out><![CDATA[]]></system-out>
  <system-err><![CDATA[]]></system-err>
</testsuite>
