<?xml version="1.0" encoding="UTF-8"?>
<testsuite name="org.example.HelloJunitTest" tests="2" skipped="0" failures="0" errors="0" timestamp="2021-05-11T00:58:02" hostname="OWNER" time="0.014">
  <properties/>
  <testcase name="helloTest1()" classname="org.example.HelloJunitTest" time="0.013"/>
  <testcase name="helloTest2()" classname="org.example.HelloJunitTest" time="0.001"/>
  <system-out><![CDATA[Hello from BeforeAll
This method will be executed before each test case in this class
Hello from Test-1
Hello from afterEach this will be executed after each test case is executed in this class
This method will be executed before each test case in this class
Hello from Test-2
Hello from afterEach this will be executed after each test case is executed in this class
Hello form AfterAll
]]></system-out>
  <system-err><![CDATA[]]></system-err>
</testsuite>
